{"C:\\Users\\Brodie\\Documents\\futureproof\\group_project_2\\habit-tracker-back\\server.js": {"path":"C:\\Users\\Brodie\\Documents\\futureproof\\group_project_2\\habit-tracker-back\\server.js","statementMap":{"0":{"start":{"line":1,"column":16},"end":{"line":1,"column":34}},"1":{"start":{"line":2,"column":12},"end":{"line":2,"column":21}},"2":{"start":{"line":3,"column":17},"end":{"line":3,"column":36}},"3":{"start":{"line":4,"column":15},"end":{"line":4,"column":32}},"4":{"start":{"line":5,"column":21},"end":{"line":5,"column":45}},"5":{"start":{"line":6,"column":13},"end":{"line":6,"column":28}},"6":{"start":{"line":8,"column":18},"end":{"line":8,"column":42}},"7":{"start":{"line":9,"column":19},"end":{"line":9,"column":45}},"8":{"start":{"line":12,"column":0},"end":{"line":12,"column":16}},"9":{"start":{"line":18,"column":0},"end":{"line":18,"column":23}},"10":{"start":{"line":19,"column":0},"end":{"line":19,"column":23}},"11":{"start":{"line":20,"column":0},"end":{"line":23,"column":4}},"12":{"start":{"line":26,"column":0},"end":{"line":26,"column":32}},"13":{"start":{"line":27,"column":0},"end":{"line":27,"column":34}},"14":{"start":{"line":29,"column":0},"end":{"line":29,"column":21}}},"fnMap":{},"branchMap":{},"s":{"0":3,"1":3,"2":3,"3":3,"4":3,"5":3,"6":3,"7":3,"8":3,"9":3,"10":3,"11":3,"12":3,"13":3,"14":3},"f":{},"b":{},"_coverageSchema":"1a1c01bbd47fc00a2c39e90264f33305004495a9","hash":"04ef94948a4d7d038d769364aa211d07b73a3c86"}
,"C:\\Users\\Brodie\\Documents\\futureproof\\group_project_2\\habit-tracker-back\\validation.js": {"path":"C:\\Users\\Brodie\\Documents\\futureproof\\group_project_2\\habit-tracker-back\\validation.js","statementMap":{"0":{"start":{"line":2,"column":12},"end":{"line":2,"column":32}},"1":{"start":{"line":7,"column":27},"end":{"line":19,"column":1}},"2":{"start":{"line":8,"column":19},"end":{"line":12,"column":6}},"3":{"start":{"line":16,"column":4},"end":{"line":16,"column":32}},"4":{"start":{"line":21,"column":24},"end":{"line":32,"column":1}},"5":{"start":{"line":22,"column":19},"end":{"line":25,"column":6}},"6":{"start":{"line":29,"column":4},"end":{"line":29,"column":32}},"7":{"start":{"line":31,"column":4},"end":{"line":31,"column":68}},"8":{"start":{"line":31,"column":14},"end":{"line":31,"column":68}},"9":{"start":{"line":34,"column":24},"end":{"line":51,"column":1}},"10":{"start":{"line":35,"column":4},"end":{"line":35,"column":37}},"11":{"start":{"line":36,"column":19},"end":{"line":49,"column":6}},"12":{"start":{"line":50,"column":4},"end":{"line":50,"column":32}},"13":{"start":{"line":53,"column":0},"end":{"line":53,"column":55}},"14":{"start":{"line":54,"column":0},"end":{"line":54,"column":49}},"15":{"start":{"line":55,"column":0},"end":{"line":55,"column":49}}},"fnMap":{"0":{"name":"(anonymous_0)","decl":{"start":{"line":7,"column":27},"end":{"line":7,"column":28}},"loc":{"start":{"line":7,"column":37},"end":{"line":19,"column":1}},"line":7},"1":{"name":"(anonymous_1)","decl":{"start":{"line":21,"column":24},"end":{"line":21,"column":25}},"loc":{"start":{"line":21,"column":34},"end":{"line":32,"column":1}},"line":21},"2":{"name":"(anonymous_2)","decl":{"start":{"line":34,"column":24},"end":{"line":34,"column":25}},"loc":{"start":{"line":34,"column":34},"end":{"line":51,"column":1}},"line":34}},"branchMap":{"0":{"loc":{"start":{"line":31,"column":4},"end":{"line":31,"column":68}},"type":"if","locations":[{"start":{"line":31,"column":4},"end":{"line":31,"column":68}},{"start":{"line":31,"column":4},"end":{"line":31,"column":68}}],"line":31}},"s":{"0":3,"1":3,"2":4,"3":4,"4":3,"5":6,"6":6,"7":0,"8":0,"9":3,"10":1,"11":1,"12":1,"13":3,"14":3,"15":3},"f":{"0":4,"1":6,"2":1},"b":{"0":[0,0]},"_coverageSchema":"1a1c01bbd47fc00a2c39e90264f33305004495a9","hash":"ed7c8c595caf6c8d529a339a4c9713cedc109aad"}
,"C:\\Users\\Brodie\\Documents\\futureproof\\group_project_2\\habit-tracker-back\\middleware\\auth.js": {"path":"C:\\Users\\Brodie\\Documents\\futureproof\\group_project_2\\habit-tracker-back\\middleware\\auth.js","statementMap":{"0":{"start":{"line":1,"column":12},"end":{"line":1,"column":35}},"1":{"start":{"line":4,"column":15},"end":{"line":16,"column":1}},"2":{"start":{"line":5,"column":16},"end":{"line":5,"column":40}},"3":{"start":{"line":7,"column":2},"end":{"line":7,"column":59}},"4":{"start":{"line":7,"column":14},"end":{"line":7,"column":59}},"5":{"start":{"line":9,"column":2},"end":{"line":15,"column":3}},"6":{"start":{"line":10,"column":21},"end":{"line":10,"column":64}},"7":{"start":{"line":11,"column":4},"end":{"line":11,"column":24}},"8":{"start":{"line":12,"column":4},"end":{"line":12,"column":11}},"9":{"start":{"line":14,"column":4},"end":{"line":14,"column":42}},"10":{"start":{"line":19,"column":0},"end":{"line":19,"column":23}}},"fnMap":{"0":{"name":"(anonymous_0)","decl":{"start":{"line":4,"column":15},"end":{"line":4,"column":16}},"loc":{"start":{"line":4,"column":40},"end":{"line":16,"column":1}},"line":4}},"branchMap":{"0":{"loc":{"start":{"line":7,"column":2},"end":{"line":7,"column":59}},"type":"if","locations":[{"start":{"line":7,"column":2},"end":{"line":7,"column":59}},{"start":{"line":7,"column":2},"end":{"line":7,"column":59}}],"line":7}},"s":{"0":3,"1":3,"2":2,"3":2,"4":1,"5":1,"6":1,"7":1,"8":1,"9":0,"10":3},"f":{"0":2},"b":{"0":[1,1]},"_coverageSchema":"1a1c01bbd47fc00a2c39e90264f33305004495a9","hash":"d842a7c84f230ec3fff99dacf037018f28fd4f4b"}
,"C:\\Users\\Brodie\\Documents\\futureproof\\group_project_2\\habit-tracker-back\\models\\Habit.js": {"path":"C:\\Users\\Brodie\\Documents\\futureproof\\group_project_2\\habit-tracker-back\\models\\Habit.js","statementMap":{"0":{"start":{"line":1,"column":17},"end":{"line":1,"column":36}},"1":{"start":{"line":3,"column":20},"end":{"line":41,"column":22}},"2":{"start":{"line":43,"column":0},"end":{"line":43,"column":52}}},"fnMap":{},"branchMap":{},"s":{"0":3,"1":3,"2":3},"f":{},"b":{},"_coverageSchema":"1a1c01bbd47fc00a2c39e90264f33305004495a9","hash":"6faaa34ec39b7d8aac342f6cdc8c79839edd2008"}
,"C:\\Users\\Brodie\\Documents\\futureproof\\group_project_2\\habit-tracker-back\\models\\User.js": {"path":"C:\\Users\\Brodie\\Documents\\futureproof\\group_project_2\\habit-tracker-back\\models\\User.js","statementMap":{"0":{"start":{"line":1,"column":17},"end":{"line":1,"column":36}},"1":{"start":{"line":2,"column":20},"end":{"line":2,"column":45}},"2":{"start":{"line":3,"column":19},"end":{"line":27,"column":22}},"3":{"start":{"line":29,"column":0},"end":{"line":29,"column":50}}},"fnMap":{},"branchMap":{},"s":{"0":3,"1":3,"2":3,"3":3},"f":{},"b":{},"_coverageSchema":"1a1c01bbd47fc00a2c39e90264f33305004495a9","hash":"df80096a55f54ec8c58bf513c63f8435288daecf"}
,"C:\\Users\\Brodie\\Documents\\futureproof\\group_project_2\\habit-tracker-back\\routes\\auth.js": {"path":"C:\\Users\\Brodie\\Documents\\futureproof\\group_project_2\\habit-tracker-back\\routes\\auth.js","statementMap":{"0":{"start":{"line":1,"column":15},"end":{"line":1,"column":42}},"1":{"start":{"line":2,"column":13},"end":{"line":2,"column":38}},"2":{"start":{"line":3,"column":15},"end":{"line":3,"column":44}},"3":{"start":{"line":4,"column":15},"end":{"line":4,"column":34}},"4":{"start":{"line":5,"column":12},"end":{"line":5,"column":35}},"5":{"start":{"line":6,"column":45},"end":{"line":6,"column":69}},"6":{"start":{"line":8,"column":0},"end":{"line":38,"column":3}},"7":{"start":{"line":11,"column":20},"end":{"line":11,"column":48}},"8":{"start":{"line":12,"column":2},"end":{"line":12,"column":78}},"9":{"start":{"line":12,"column":13},"end":{"line":12,"column":78}},"10":{"start":{"line":15,"column":22},"end":{"line":17,"column":4}},"11":{"start":{"line":18,"column":2},"end":{"line":18,"column":81}},"12":{"start":{"line":18,"column":19},"end":{"line":18,"column":81}},"13":{"start":{"line":22,"column":15},"end":{"line":22,"column":39}},"14":{"start":{"line":23,"column":25},"end":{"line":23,"column":67}},"15":{"start":{"line":26,"column":15},"end":{"line":30,"column":4}},"16":{"start":{"line":31,"column":2},"end":{"line":37,"column":3}},"17":{"start":{"line":32,"column":22},"end":{"line":32,"column":39}},"18":{"start":{"line":33,"column":4},"end":{"line":33,"column":79}},"19":{"start":{"line":36,"column":4},"end":{"line":36,"column":30}},"20":{"start":{"line":41,"column":0},"end":{"line":66,"column":3}},"21":{"start":{"line":42,"column":2},"end":{"line":42,"column":35}},"22":{"start":{"line":43,"column":2},"end":{"line":43,"column":23}},"23":{"start":{"line":46,"column":20},"end":{"line":46,"column":45}},"24":{"start":{"line":47,"column":2},"end":{"line":47,"column":78}},"25":{"start":{"line":47,"column":13},"end":{"line":47,"column":78}},"26":{"start":{"line":49,"column":15},"end":{"line":51,"column":4}},"27":{"start":{"line":52,"column":2},"end":{"line":52,"column":70}},"28":{"start":{"line":52,"column":13},"end":{"line":52,"column":70}},"29":{"start":{"line":54,"column":20},"end":{"line":54,"column":74}},"30":{"start":{"line":55,"column":2},"end":{"line":55,"column":78}},"31":{"start":{"line":55,"column":18},"end":{"line":55,"column":78}},"32":{"start":{"line":58,"column":16},"end":{"line":58,"column":92}},"33":{"start":{"line":61,"column":2},"end":{"line":61,"column":33}},"34":{"start":{"line":62,"column":2},"end":{"line":62,"column":31}},"35":{"start":{"line":68,"column":0},"end":{"line":68,"column":24}}},"fnMap":{"0":{"name":"(anonymous_0)","decl":{"start":{"line":8,"column":25},"end":{"line":8,"column":26}},"loc":{"start":{"line":8,"column":45},"end":{"line":38,"column":1}},"line":8},"1":{"name":"(anonymous_1)","decl":{"start":{"line":41,"column":22},"end":{"line":41,"column":23}},"loc":{"start":{"line":41,"column":42},"end":{"line":66,"column":1}},"line":41}},"branchMap":{"0":{"loc":{"start":{"line":12,"column":2},"end":{"line":12,"column":78}},"type":"if","locations":[{"start":{"line":12,"column":2},"end":{"line":12,"column":78}},{"start":{"line":12,"column":2},"end":{"line":12,"column":78}}],"line":12},"1":{"loc":{"start":{"line":18,"column":2},"end":{"line":18,"column":81}},"type":"if","locations":[{"start":{"line":18,"column":2},"end":{"line":18,"column":81}},{"start":{"line":18,"column":2},"end":{"line":18,"column":81}}],"line":18},"2":{"loc":{"start":{"line":47,"column":2},"end":{"line":47,"column":78}},"type":"if","locations":[{"start":{"line":47,"column":2},"end":{"line":47,"column":78}},{"start":{"line":47,"column":2},"end":{"line":47,"column":78}}],"line":47},"3":{"loc":{"start":{"line":52,"column":2},"end":{"line":52,"column":70}},"type":"if","locations":[{"start":{"line":52,"column":2},"end":{"line":52,"column":70}},{"start":{"line":52,"column":2},"end":{"line":52,"column":70}}],"line":52},"4":{"loc":{"start":{"line":55,"column":2},"end":{"line":55,"column":78}},"type":"if","locations":[{"start":{"line":55,"column":2},"end":{"line":55,"column":78}},{"start":{"line":55,"column":2},"end":{"line":55,"column":78}}],"line":55}},"s":{"0":3,"1":3,"2":3,"3":3,"4":3,"5":3,"6":3,"7":4,"8":4,"9":0,"10":4,"11":4,"12":2,"13":2,"14":2,"15":2,"16":2,"17":2,"18":2,"19":0,"20":3,"21":6,"22":6,"23":6,"24":6,"25":0,"26":6,"27":6,"28":5,"29":1,"30":1,"31":0,"32":1,"33":1,"34":1,"35":3},"f":{"0":4,"1":6},"b":{"0":[0,4],"1":[2,2],"2":[0,6],"3":[5,1],"4":[0,1]},"_coverageSchema":"1a1c01bbd47fc00a2c39e90264f33305004495a9","hash":"40136482b97df299856f7102c9d53f8852f7f8a2"}
,"C:\\Users\\Brodie\\Documents\\futureproof\\group_project_2\\habit-tracker-back\\routes\\habits.js": {"path":"C:\\Users\\Brodie\\Documents\\futureproof\\group_project_2\\habit-tracker-back\\routes\\habits.js","statementMap":{"0":{"start":{"line":1,"column":15},"end":{"line":1,"column":42}},"1":{"start":{"line":2,"column":13},"end":{"line":2,"column":38}},"2":{"start":{"line":3,"column":14},"end":{"line":3,"column":40}},"3":{"start":{"line":4,"column":15},"end":{"line":4,"column":34}},"4":{"start":{"line":5,"column":12},"end":{"line":5,"column":35}},"5":{"start":{"line":6,"column":15},"end":{"line":6,"column":44}},"6":{"start":{"line":11,"column":4},"end":{"line":11,"column":28}},"7":{"start":{"line":19,"column":0},"end":{"line":54,"column":2}},"8":{"start":{"line":24,"column":20},"end":{"line":24,"column":45}},"9":{"start":{"line":25,"column":4},"end":{"line":25,"column":69}},"10":{"start":{"line":25,"column":15},"end":{"line":25,"column":69}},"11":{"start":{"line":26,"column":17},"end":{"line":26,"column":25}},"12":{"start":{"line":27,"column":4},"end":{"line":52,"column":5}},"13":{"start":{"line":28,"column":25},"end":{"line":40,"column":10}},"14":{"start":{"line":41,"column":23},"end":{"line":47,"column":22}},"15":{"start":{"line":48,"column":8},"end":{"line":48,"column":36}},"16":{"start":{"line":51,"column":8},"end":{"line":51,"column":54}},"17":{"start":{"line":57,"column":0},"end":{"line":81,"column":2}},"18":{"start":{"line":59,"column":20},"end":{"line":59,"column":45}},"19":{"start":{"line":60,"column":4},"end":{"line":60,"column":69}},"20":{"start":{"line":60,"column":15},"end":{"line":60,"column":69}},"21":{"start":{"line":61,"column":17},"end":{"line":61,"column":25}},"22":{"start":{"line":62,"column":25},"end":{"line":73,"column":5}},"23":{"start":{"line":74,"column":19},"end":{"line":79,"column":5}},"24":{"start":{"line":80,"column":4},"end":{"line":80,"column":32}},"25":{"start":{"line":84,"column":0},"end":{"line":101,"column":2}},"26":{"start":{"line":88,"column":26},"end":{"line":88,"column":62}},"27":{"start":{"line":89,"column":4},"end":{"line":97,"column":6}},"28":{"start":{"line":98,"column":4},"end":{"line":100,"column":7}},"29":{"start":{"line":103,"column":0},"end":{"line":103,"column":24}}},"fnMap":{"0":{"name":"(anonymous_0)","decl":{"start":{"line":19,"column":28},"end":{"line":19,"column":29}},"loc":{"start":{"line":19,"column":48},"end":{"line":54,"column":1}},"line":19},"1":{"name":"(anonymous_1)","decl":{"start":{"line":57,"column":36},"end":{"line":57,"column":37}},"loc":{"start":{"line":57,"column":56},"end":{"line":81,"column":1}},"line":57},"2":{"name":"(anonymous_2)","decl":{"start":{"line":84,"column":39},"end":{"line":84,"column":40}},"loc":{"start":{"line":84,"column":59},"end":{"line":101,"column":1}},"line":84}},"branchMap":{"0":{"loc":{"start":{"line":25,"column":4},"end":{"line":25,"column":69}},"type":"if","locations":[{"start":{"line":25,"column":4},"end":{"line":25,"column":69}},{"start":{"line":25,"column":4},"end":{"line":25,"column":69}}],"line":25},"1":{"loc":{"start":{"line":60,"column":4},"end":{"line":60,"column":69}},"type":"if","locations":[{"start":{"line":60,"column":4},"end":{"line":60,"column":69}},{"start":{"line":60,"column":4},"end":{"line":60,"column":69}}],"line":60}},"s":{"0":3,"1":3,"2":3,"3":3,"4":3,"5":3,"6":3,"7":3,"8":0,"9":0,"10":0,"11":0,"12":0,"13":0,"14":0,"15":0,"16":0,"17":3,"18":1,"19":1,"20":0,"21":1,"22":1,"23":1,"24":1,"25":3,"26":0,"27":0,"28":0,"29":3},"f":{"0":0,"1":1,"2":0},"b":{"0":[0,0],"1":[0,1]},"_coverageSchema":"1a1c01bbd47fc00a2c39e90264f33305004495a9","hash":"3c67cd50cc442043f5a70c4c2c3c2c424bb96473"}
}
