{"C:\\Users\\Brodie\\Documents\\futureproof\\group_project_2\\habit-tracker-back\\index.js": {"path":"C:\\Users\\Brodie\\Documents\\futureproof\\group_project_2\\habit-tracker-back\\index.js","statementMap":{"0":{"start":{"line":1,"column":16},"end":{"line":1,"column":34}},"1":{"start":{"line":2,"column":12},"end":{"line":2,"column":21}},"2":{"start":{"line":3,"column":17},"end":{"line":3,"column":36}},"3":{"start":{"line":4,"column":15},"end":{"line":4,"column":32}},"4":{"start":{"line":5,"column":21},"end":{"line":5,"column":45}},"5":{"start":{"line":6,"column":13},"end":{"line":6,"column":28}},"6":{"start":{"line":8,"column":18},"end":{"line":8,"column":42}},"7":{"start":{"line":9,"column":18},"end":{"line":9,"column":43}},"8":{"start":{"line":10,"column":19},"end":{"line":10,"column":45}},"9":{"start":{"line":13,"column":0},"end":{"line":13,"column":16}},"10":{"start":{"line":17,"column":0},"end":{"line":21,"column":2}},"11":{"start":{"line":20,"column":4},"end":{"line":20,"column":34}},"12":{"start":{"line":24,"column":0},"end":{"line":24,"column":23}},"13":{"start":{"line":25,"column":0},"end":{"line":25,"column":23}},"14":{"start":{"line":26,"column":0},"end":{"line":29,"column":4}},"15":{"start":{"line":32,"column":0},"end":{"line":32,"column":32}},"16":{"start":{"line":33,"column":0},"end":{"line":33,"column":31}},"17":{"start":{"line":34,"column":0},"end":{"line":34,"column":34}},"18":{"start":{"line":36,"column":0},"end":{"line":36,"column":60}},"19":{"start":{"line":36,"column":23},"end":{"line":36,"column":59}},"20":{"start":{"line":38,"column":0},"end":{"line":38,"column":20}}},"fnMap":{"0":{"name":"(anonymous_0)","decl":{"start":{"line":19,"column":3},"end":{"line":19,"column":4}},"loc":{"start":{"line":19,"column":9},"end":{"line":21,"column":1}},"line":19},"1":{"name":"(anonymous_1)","decl":{"start":{"line":36,"column":17},"end":{"line":36,"column":18}},"loc":{"start":{"line":36,"column":23},"end":{"line":36,"column":59}},"line":36}},"branchMap":{},"s":{"0":1,"1":1,"2":1,"3":1,"4":1,"5":1,"6":1,"7":1,"8":1,"9":1,"10":1,"11":1,"12":1,"13":1,"14":1,"15":1,"16":1,"17":1,"18":1,"19":0,"20":1},"f":{"0":1,"1":0},"b":{},"_coverageSchema":"1a1c01bbd47fc00a2c39e90264f33305004495a9","hash":"9c6bae88a0bc72f1c50563de04d5b8189fb21b94"}
,"C:\\Users\\Brodie\\Documents\\futureproof\\group_project_2\\habit-tracker-back\\validation.js": {"path":"C:\\Users\\Brodie\\Documents\\futureproof\\group_project_2\\habit-tracker-back\\validation.js","statementMap":{"0":{"start":{"line":2,"column":12},"end":{"line":2,"column":32}},"1":{"start":{"line":7,"column":27},"end":{"line":19,"column":1}},"2":{"start":{"line":8,"column":19},"end":{"line":12,"column":6}},"3":{"start":{"line":16,"column":4},"end":{"line":16,"column":32}},"4":{"start":{"line":21,"column":24},"end":{"line":32,"column":1}},"5":{"start":{"line":22,"column":19},"end":{"line":25,"column":6}},"6":{"start":{"line":29,"column":4},"end":{"line":29,"column":32}},"7":{"start":{"line":31,"column":4},"end":{"line":31,"column":68}},"8":{"start":{"line":31,"column":14},"end":{"line":31,"column":68}},"9":{"start":{"line":34,"column":0},"end":{"line":34,"column":55}},"10":{"start":{"line":35,"column":0},"end":{"line":35,"column":49}}},"fnMap":{"0":{"name":"(anonymous_0)","decl":{"start":{"line":7,"column":27},"end":{"line":7,"column":28}},"loc":{"start":{"line":7,"column":37},"end":{"line":19,"column":1}},"line":7},"1":{"name":"(anonymous_1)","decl":{"start":{"line":21,"column":24},"end":{"line":21,"column":25}},"loc":{"start":{"line":21,"column":34},"end":{"line":32,"column":1}},"line":21}},"branchMap":{"0":{"loc":{"start":{"line":31,"column":4},"end":{"line":31,"column":68}},"type":"if","locations":[{"start":{"line":31,"column":4},"end":{"line":31,"column":68}},{"start":{"line":31,"column":4},"end":{"line":31,"column":68}}],"line":31}},"s":{"0":1,"1":1,"2":1,"3":1,"4":1,"5":0,"6":0,"7":0,"8":0,"9":1,"10":1},"f":{"0":1,"1":0},"b":{"0":[0,0]},"_coverageSchema":"1a1c01bbd47fc00a2c39e90264f33305004495a9","hash":"39f46d04303461160f38381675f6fa32f11a86a1"}
,"C:\\Users\\Brodie\\Documents\\futureproof\\group_project_2\\habit-tracker-back\\models\\Habit.js": {"path":"C:\\Users\\Brodie\\Documents\\futureproof\\group_project_2\\habit-tracker-back\\models\\Habit.js","statementMap":{"0":{"start":{"line":1,"column":17},"end":{"line":1,"column":36}},"1":{"start":{"line":3,"column":20},"end":{"line":41,"column":22}},"2":{"start":{"line":43,"column":0},"end":{"line":43,"column":52}}},"fnMap":{},"branchMap":{},"s":{"0":2,"1":2,"2":2},"f":{},"b":{},"_coverageSchema":"1a1c01bbd47fc00a2c39e90264f33305004495a9","hash":"6faaa34ec39b7d8aac342f6cdc8c79839edd2008"}
,"C:\\Users\\Brodie\\Documents\\futureproof\\group_project_2\\habit-tracker-back\\models\\User.js": {"path":"C:\\Users\\Brodie\\Documents\\futureproof\\group_project_2\\habit-tracker-back\\models\\User.js","statementMap":{"0":{"start":{"line":1,"column":17},"end":{"line":1,"column":36}},"1":{"start":{"line":2,"column":20},"end":{"line":2,"column":45}},"2":{"start":{"line":3,"column":19},"end":{"line":27,"column":22}},"3":{"start":{"line":29,"column":0},"end":{"line":29,"column":50}}},"fnMap":{},"branchMap":{},"s":{"0":2,"1":2,"2":2,"3":2},"f":{},"b":{},"_coverageSchema":"1a1c01bbd47fc00a2c39e90264f33305004495a9","hash":"df80096a55f54ec8c58bf513c63f8435288daecf"}
,"C:\\Users\\Brodie\\Documents\\futureproof\\group_project_2\\habit-tracker-back\\routes\\auth.js": {"path":"C:\\Users\\Brodie\\Documents\\futureproof\\group_project_2\\habit-tracker-back\\routes\\auth.js","statementMap":{"0":{"start":{"line":1,"column":15},"end":{"line":1,"column":42}},"1":{"start":{"line":2,"column":13},"end":{"line":2,"column":38}},"2":{"start":{"line":3,"column":15},"end":{"line":3,"column":39}},"3":{"start":{"line":4,"column":15},"end":{"line":4,"column":34}},"4":{"start":{"line":5,"column":12},"end":{"line":5,"column":35}},"5":{"start":{"line":6,"column":45},"end":{"line":6,"column":69}},"6":{"start":{"line":8,"column":0},"end":{"line":40,"column":3}},"7":{"start":{"line":11,"column":20},"end":{"line":11,"column":48}},"8":{"start":{"line":12,"column":2},"end":{"line":12,"column":67}},"9":{"start":{"line":12,"column":13},"end":{"line":12,"column":67}},"10":{"start":{"line":15,"column":22},"end":{"line":17,"column":4}},"11":{"start":{"line":18,"column":2},"end":{"line":18,"column":71}},"12":{"start":{"line":18,"column":19},"end":{"line":18,"column":71}},"13":{"start":{"line":22,"column":15},"end":{"line":22,"column":39}},"14":{"start":{"line":23,"column":25},"end":{"line":23,"column":67}},"15":{"start":{"line":26,"column":15},"end":{"line":30,"column":4}},"16":{"start":{"line":31,"column":2},"end":{"line":39,"column":3}},"17":{"start":{"line":32,"column":22},"end":{"line":32,"column":39}},"18":{"start":{"line":33,"column":4},"end":{"line":35,"column":6}},"19":{"start":{"line":38,"column":4},"end":{"line":38,"column":30}},"20":{"start":{"line":43,"column":0},"end":{"line":66,"column":3}},"21":{"start":{"line":44,"column":2},"end":{"line":44,"column":35}},"22":{"start":{"line":47,"column":20},"end":{"line":47,"column":45}},"23":{"start":{"line":48,"column":2},"end":{"line":48,"column":67}},"24":{"start":{"line":48,"column":13},"end":{"line":48,"column":67}},"25":{"start":{"line":50,"column":15},"end":{"line":52,"column":4}},"26":{"start":{"line":53,"column":2},"end":{"line":53,"column":60}},"27":{"start":{"line":53,"column":13},"end":{"line":53,"column":60}},"28":{"start":{"line":55,"column":20},"end":{"line":55,"column":74}},"29":{"start":{"line":56,"column":2},"end":{"line":56,"column":64}},"30":{"start":{"line":56,"column":18},"end":{"line":56,"column":64}},"31":{"start":{"line":59,"column":16},"end":{"line":59,"column":86}},"32":{"start":{"line":62,"column":2},"end":{"line":62,"column":45}},"33":{"start":{"line":68,"column":0},"end":{"line":68,"column":24}}},"fnMap":{"0":{"name":"(anonymous_0)","decl":{"start":{"line":8,"column":25},"end":{"line":8,"column":26}},"loc":{"start":{"line":8,"column":45},"end":{"line":40,"column":1}},"line":8},"1":{"name":"(anonymous_1)","decl":{"start":{"line":43,"column":22},"end":{"line":43,"column":23}},"loc":{"start":{"line":43,"column":42},"end":{"line":66,"column":1}},"line":43}},"branchMap":{"0":{"loc":{"start":{"line":12,"column":2},"end":{"line":12,"column":67}},"type":"if","locations":[{"start":{"line":12,"column":2},"end":{"line":12,"column":67}},{"start":{"line":12,"column":2},"end":{"line":12,"column":67}}],"line":12},"1":{"loc":{"start":{"line":18,"column":2},"end":{"line":18,"column":71}},"type":"if","locations":[{"start":{"line":18,"column":2},"end":{"line":18,"column":71}},{"start":{"line":18,"column":2},"end":{"line":18,"column":71}}],"line":18},"2":{"loc":{"start":{"line":48,"column":2},"end":{"line":48,"column":67}},"type":"if","locations":[{"start":{"line":48,"column":2},"end":{"line":48,"column":67}},{"start":{"line":48,"column":2},"end":{"line":48,"column":67}}],"line":48},"3":{"loc":{"start":{"line":53,"column":2},"end":{"line":53,"column":60}},"type":"if","locations":[{"start":{"line":53,"column":2},"end":{"line":53,"column":60}},{"start":{"line":53,"column":2},"end":{"line":53,"column":60}}],"line":53},"4":{"loc":{"start":{"line":56,"column":2},"end":{"line":56,"column":64}},"type":"if","locations":[{"start":{"line":56,"column":2},"end":{"line":56,"column":64}},{"start":{"line":56,"column":2},"end":{"line":56,"column":64}}],"line":56}},"s":{"0":1,"1":1,"2":1,"3":1,"4":1,"5":1,"6":1,"7":1,"8":1,"9":0,"10":1,"11":1,"12":1,"13":0,"14":0,"15":0,"16":0,"17":0,"18":0,"19":0,"20":1,"21":0,"22":0,"23":0,"24":0,"25":0,"26":0,"27":0,"28":0,"29":0,"30":0,"31":0,"32":0,"33":1},"f":{"0":1,"1":0},"b":{"0":[0,1],"1":[1,0],"2":[0,0],"3":[0,0],"4":[0,0]},"_coverageSchema":"1a1c01bbd47fc00a2c39e90264f33305004495a9","hash":"4bc05614172b68c91f181d3a2661943c422ad5c2"}
,"C:\\Users\\Brodie\\Documents\\futureproof\\group_project_2\\habit-tracker-back\\routes\\habits.js": {"path":"C:\\Users\\Brodie\\Documents\\futureproof\\group_project_2\\habit-tracker-back\\routes\\habits.js","statementMap":{"0":{"start":{"line":1,"column":15},"end":{"line":1,"column":42}},"1":{"start":{"line":2,"column":13},"end":{"line":2,"column":38}},"2":{"start":{"line":3,"column":14},"end":{"line":3,"column":40}},"3":{"start":{"line":4,"column":15},"end":{"line":4,"column":34}},"4":{"start":{"line":5,"column":12},"end":{"line":5,"column":35}},"5":{"start":{"line":6,"column":15},"end":{"line":6,"column":39}},"6":{"start":{"line":10,"column":4},"end":{"line":10,"column":28}},"7":{"start":{"line":13,"column":0},"end":{"line":15,"column":2}},"8":{"start":{"line":14,"column":4},"end":{"line":14,"column":27}},"9":{"start":{"line":18,"column":0},"end":{"line":45,"column":2}},"10":{"start":{"line":23,"column":17},"end":{"line":23,"column":25}},"11":{"start":{"line":24,"column":21},"end":{"line":36,"column":6}},"12":{"start":{"line":37,"column":19},"end":{"line":43,"column":18}},"13":{"start":{"line":44,"column":4},"end":{"line":44,"column":20}},"14":{"start":{"line":48,"column":0},"end":{"line":58,"column":2}},"15":{"start":{"line":50,"column":22},"end":{"line":50,"column":25}},"16":{"start":{"line":51,"column":19},"end":{"line":56,"column":5}},"17":{"start":{"line":57,"column":4},"end":{"line":57,"column":20}},"18":{"start":{"line":61,"column":0},"end":{"line":71,"column":2}},"19":{"start":{"line":63,"column":23},"end":{"line":63,"column":26}},"20":{"start":{"line":64,"column":19},"end":{"line":69,"column":5}},"21":{"start":{"line":70,"column":4},"end":{"line":70,"column":20}},"22":{"start":{"line":73,"column":0},"end":{"line":89,"column":2}},"23":{"start":{"line":76,"column":26},"end":{"line":76,"column":41}},"24":{"start":{"line":77,"column":4},"end":{"line":85,"column":6}},"25":{"start":{"line":86,"column":4},"end":{"line":88,"column":7}},"26":{"start":{"line":91,"column":0},"end":{"line":91,"column":24}}},"fnMap":{"0":{"name":"(anonymous_0)","decl":{"start":{"line":13,"column":28},"end":{"line":13,"column":29}},"loc":{"start":{"line":13,"column":42},"end":{"line":15,"column":1}},"line":13},"1":{"name":"(anonymous_1)","decl":{"start":{"line":18,"column":28},"end":{"line":18,"column":29}},"loc":{"start":{"line":18,"column":48},"end":{"line":45,"column":1}},"line":18},"2":{"name":"(anonymous_2)","decl":{"start":{"line":48,"column":43},"end":{"line":48,"column":44}},"loc":{"start":{"line":48,"column":63},"end":{"line":58,"column":1}},"line":48},"3":{"name":"(anonymous_3)","decl":{"start":{"line":61,"column":44},"end":{"line":61,"column":45}},"loc":{"start":{"line":61,"column":64},"end":{"line":71,"column":1}},"line":61},"4":{"name":"(anonymous_4)","decl":{"start":{"line":73,"column":39},"end":{"line":73,"column":40}},"loc":{"start":{"line":73,"column":59},"end":{"line":89,"column":1}},"line":73}},"branchMap":{},"s":{"0":1,"1":1,"2":1,"3":1,"4":1,"5":1,"6":1,"7":1,"8":0,"9":1,"10":0,"11":0,"12":0,"13":0,"14":1,"15":0,"16":0,"17":0,"18":1,"19":0,"20":0,"21":0,"22":1,"23":0,"24":0,"25":0,"26":1},"f":{"0":0,"1":0,"2":0,"3":0,"4":0},"b":{},"_coverageSchema":"1a1c01bbd47fc00a2c39e90264f33305004495a9","hash":"060a107d2bae117080344f9e1e21675869628429"}
,"C:\\Users\\Brodie\\Documents\\futureproof\\group_project_2\\habit-tracker-back\\routes\\posts.js": {"path":"C:\\Users\\Brodie\\Documents\\futureproof\\group_project_2\\habit-tracker-back\\routes\\posts.js","statementMap":{"0":{"start":{"line":1,"column":15},"end":{"line":1,"column":42}},"1":{"start":{"line":2,"column":15},"end":{"line":2,"column":39}},"2":{"start":{"line":5,"column":0},"end":{"line":7,"column":3}},"3":{"start":{"line":6,"column":2},"end":{"line":6,"column":21}},"4":{"start":{"line":9,"column":0},"end":{"line":9,"column":24}}},"fnMap":{"0":{"name":"(anonymous_0)","decl":{"start":{"line":5,"column":24},"end":{"line":5,"column":25}},"loc":{"start":{"line":5,"column":38},"end":{"line":7,"column":1}},"line":5}},"branchMap":{},"s":{"0":1,"1":1,"2":1,"3":0,"4":1},"f":{"0":0},"b":{},"_coverageSchema":"1a1c01bbd47fc00a2c39e90264f33305004495a9","hash":"a5bc55e241cc4bdf5e9097797fe8bbdc27c4c1ba"}
,"C:\\Users\\Brodie\\Documents\\futureproof\\group_project_2\\habit-tracker-back\\routes\\verifyToken.js": {"path":"C:\\Users\\Brodie\\Documents\\futureproof\\group_project_2\\habit-tracker-back\\routes\\verifyToken.js","statementMap":{"0":{"start":{"line":1,"column":12},"end":{"line":1,"column":35}},"1":{"start":{"line":4,"column":0},"end":{"line":16,"column":1}},"2":{"start":{"line":5,"column":16},"end":{"line":5,"column":40}},"3":{"start":{"line":7,"column":2},"end":{"line":7,"column":59}},"4":{"start":{"line":7,"column":14},"end":{"line":7,"column":59}},"5":{"start":{"line":9,"column":2},"end":{"line":15,"column":3}},"6":{"start":{"line":10,"column":21},"end":{"line":10,"column":64}},"7":{"start":{"line":11,"column":4},"end":{"line":11,"column":24}},"8":{"start":{"line":12,"column":4},"end":{"line":12,"column":11}},"9":{"start":{"line":14,"column":4},"end":{"line":14,"column":42}}},"fnMap":{"0":{"name":"(anonymous_0)","decl":{"start":{"line":4,"column":17},"end":{"line":4,"column":18}},"loc":{"start":{"line":4,"column":42},"end":{"line":16,"column":1}},"line":4}},"branchMap":{"0":{"loc":{"start":{"line":7,"column":2},"end":{"line":7,"column":59}},"type":"if","locations":[{"start":{"line":7,"column":2},"end":{"line":7,"column":59}},{"start":{"line":7,"column":2},"end":{"line":7,"column":59}}],"line":7}},"s":{"0":1,"1":1,"2":0,"3":0,"4":0,"5":0,"6":0,"7":0,"8":0,"9":0},"f":{"0":0},"b":{"0":[0,0]},"_coverageSchema":"1a1c01bbd47fc00a2c39e90264f33305004495a9","hash":"88e0de2c09eb4e9ff4f29bca63846769cedc0663"}
}
