TN:
SF:index.js
FN:18,(anonymous_0)
FN:34,(anonymous_1)
FNF:2
FNH:2
FNDA:2,(anonymous_0)
FNDA:1,(anonymous_1)
DA:1,2
DA:2,2
DA:3,2
DA:4,2
DA:5,2
DA:6,2
DA:8,2
DA:9,2
DA:12,2
DA:16,2
DA:19,2
DA:23,2
DA:24,2
DA:25,2
DA:31,2
DA:32,2
DA:34,2
DA:36,2
LF:18
LH:18
BRF:0
BRH:0
end_of_record
TN:
SF:validation.js
FN:7,(anonymous_0)
FN:21,(anonymous_1)
FN:34,(anonymous_2)
FNF:3
FNH:2
FNDA:2,(anonymous_0)
FNDA:3,(anonymous_1)
FNDA:0,(anonymous_2)
DA:2,2
DA:7,2
DA:8,2
DA:16,2
DA:21,2
DA:22,3
DA:29,3
DA:31,0
DA:34,2
DA:35,0
DA:36,0
DA:50,0
DA:53,2
DA:54,2
DA:55,2
LF:15
LH:11
BRDA:31,0,0,0
BRDA:31,0,1,0
BRF:2
BRH:0
end_of_record
TN:
SF:middleware\auth.js
FN:4,(anonymous_0)
FNF:1
FNH:0
FNDA:0,(anonymous_0)
DA:1,2
DA:4,2
DA:5,0
DA:7,0
DA:9,0
DA:10,0
DA:11,0
DA:12,0
DA:14,0
DA:19,2
LF:10
LH:3
BRDA:7,0,0,0
BRDA:7,0,1,0
BRF:2
BRH:0
end_of_record
TN:
SF:models\Habit.js
FNF:0
FNH:0
DA:1,2
DA:3,2
DA:43,2
LF:3
LH:3
BRF:0
BRH:0
end_of_record
TN:
SF:models\User.js
FNF:0
FNH:0
DA:1,2
DA:2,2
DA:3,2
DA:29,2
LF:4
LH:4
BRF:0
BRH:0
end_of_record
TN:
SF:routes\auth.js
FN:8,(anonymous_0)
FN:41,(anonymous_1)
FNF:2
FNH:2
FNDA:2,(anonymous_0)
FNDA:3,(anonymous_1)
DA:1,2
DA:2,2
DA:3,2
DA:4,2
DA:5,2
DA:6,2
DA:8,2
DA:11,2
DA:12,2
DA:15,2
DA:18,2
DA:22,1
DA:23,1
DA:26,1
DA:31,1
DA:32,1
DA:33,1
DA:36,0
DA:41,2
DA:42,3
DA:45,3
DA:46,3
DA:48,3
DA:51,3
DA:53,2
DA:54,2
DA:57,1
DA:60,1
DA:61,1
DA:67,2
LF:30
LH:29
BRDA:12,0,0,0
BRDA:12,0,1,2
BRDA:18,1,0,1
BRDA:18,1,1,1
BRDA:46,2,0,0
BRDA:46,2,1,3
BRDA:51,3,0,1
BRDA:51,3,1,2
BRDA:54,4,0,1
BRDA:54,4,1,1
BRF:10
BRH:8
end_of_record
TN:
SF:routes\habits.js
FN:19,(anonymous_0)
FN:57,(anonymous_1)
FN:84,(anonymous_2)
FNF:3
FNH:0
FNDA:0,(anonymous_0)
FNDA:0,(anonymous_1)
FNDA:0,(anonymous_2)
DA:1,2
DA:2,2
DA:3,2
DA:4,2
DA:5,2
DA:6,2
DA:11,2
DA:19,2
DA:24,0
DA:25,0
DA:26,0
DA:27,0
DA:28,0
DA:41,0
DA:48,0
DA:51,0
DA:57,2
DA:59,0
DA:60,0
DA:61,0
DA:62,0
DA:74,0
DA:80,0
DA:84,2
DA:88,0
DA:89,0
DA:98,0
DA:103,2
LF:28
LH:11
BRDA:25,0,0,0
BRDA:25,0,1,0
BRDA:60,1,0,0
BRDA:60,1,1,0
BRF:4
BRH:0
end_of_record
