TN:
SF:server.js
FNF:0
FNH:0
DA:1,3
DA:2,3
DA:3,3
DA:4,3
DA:5,3
DA:6,3
DA:8,3
DA:9,3
DA:10,3
DA:12,3
DA:14,3
DA:15,3
DA:16,3
DA:22,3
DA:23,3
DA:24,3
DA:26,3
LF:17
LH:17
BRF:0
BRH:0
end_of_record
TN:
SF:validation.js
FN:7,(anonymous_0)
FN:21,(anonymous_1)
FN:34,(anonymous_2)
FNF:3
FNH:3
FNDA:4,(anonymous_0)
FNDA:6,(anonymous_1)
FNDA:2,(anonymous_2)
DA:2,3
DA:7,3
DA:8,4
DA:16,4
DA:21,3
DA:22,6
DA:29,6
DA:31,0
DA:34,3
DA:35,2
DA:36,2
DA:55,2
DA:58,3
DA:59,3
DA:60,3
LF:15
LH:14
BRDA:31,0,0,0
BRDA:31,0,1,0
BRF:2
BRH:0
end_of_record
TN:
SF:middleware\auth.js
FN:4,(anonymous_0)
FNF:1
FNH:1
FNDA:3,(anonymous_0)
DA:1,3
DA:4,3
DA:5,3
DA:7,3
DA:9,2
DA:10,2
DA:11,2
DA:12,2
DA:14,0
DA:19,3
LF:10
LH:9
BRDA:7,0,0,1
BRDA:7,0,1,2
BRF:2
BRH:2
end_of_record
TN:
SF:models\Habit.js
FNF:0
FNH:0
DA:1,3
DA:3,3
DA:66,3
LF:3
LH:3
BRF:0
BRH:0
end_of_record
TN:
SF:models\User.js
FN:37,checkSomething
FN:40,updateHabitOnTime
FN:44,getDate
FNF:3
FNH:3
FNDA:1,checkSomething
FNDA:1,updateHabitOnTime
FNDA:1,getDate
DA:1,3
DA:2,3
DA:3,3
DA:37,3
DA:38,1
DA:41,1
DA:42,1
DA:43,1
DA:45,1
DA:48,1
DA:49,1
DA:52,1
DA:53,1
DA:54,0
DA:56,0
DA:57,0
DA:58,0
DA:61,0
DA:64,0
DA:65,0
DA:67,0
DA:76,3
LF:22
LH:14
BRDA:52,0,0,1
BRDA:52,0,1,0
BRDA:53,1,0,0
BRDA:53,1,1,1
BRDA:57,2,0,0
BRDA:57,2,1,0
BRF:6
BRH:2
end_of_record
TN:
SF:routes\auth.js
FN:8,(anonymous_0)
FN:24,(anonymous_1)
FN:69,(anonymous_2)
FNF:3
FNH:2
FNDA:0,(anonymous_0)
FNDA:4,(anonymous_1)
FNDA:6,(anonymous_2)
DA:1,3
DA:2,3
DA:3,3
DA:4,3
DA:5,3
DA:6,3
DA:8,3
DA:10,0
DA:12,0
DA:13,0
DA:14,0
DA:16,0
DA:19,0
DA:24,3
DA:27,4
DA:28,4
DA:31,4
DA:34,4
DA:35,1
DA:39,3
DA:40,3
DA:43,3
DA:48,3
DA:49,3
DA:51,3
DA:54,3
DA:56,3
DA:62,3
DA:64,0
DA:69,3
DA:73,6
DA:74,6
DA:76,6
DA:79,6
DA:81,2
DA:82,2
DA:85,2
DA:89,2
DA:90,2
DA:95,3
LF:40
LH:33
BRDA:16,0,0,0
BRDA:16,0,1,0
BRDA:28,1,0,0
BRDA:28,1,1,4
BRDA:34,2,0,1
BRDA:34,2,1,3
BRDA:74,3,0,0
BRDA:74,3,1,6
BRDA:79,4,0,4
BRDA:79,4,1,2
BRDA:82,5,0,0
BRDA:82,5,1,2
BRF:12
BRH:7
end_of_record
TN:
SF:routes\habits.js
FN:14,(anonymous_0)
FN:24,(anonymous_1)
FN:34,(anonymous_2)
FN:36,(anonymous_3)
FN:41,(anonymous_4)
FN:85,(anonymous_5)
FN:118,(anonymous_6)
FN:133,(anonymous_7)
FNF:8
FNH:2
FNDA:0,(anonymous_0)
FNDA:0,(anonymous_1)
FNDA:0,(anonymous_2)
FNDA:0,(anonymous_3)
FNDA:1,(anonymous_4)
FNDA:1,(anonymous_5)
FNDA:0,(anonymous_6)
FNDA:0,(anonymous_7)
DA:1,3
DA:2,3
DA:3,3
DA:4,3
DA:5,3
DA:6,3
DA:11,3
DA:14,3
DA:17,0
DA:18,0
DA:21,0
DA:24,3
DA:26,0
DA:29,0
DA:34,3
DA:35,0
DA:36,0
DA:37,0
DA:41,3
DA:46,1
DA:47,1
DA:48,1
DA:49,1
DA:50,1
DA:69,1
DA:76,1
DA:79,0
DA:85,3
DA:87,1
DA:88,1
DA:89,1
DA:90,1
DA:109,1
DA:115,1
DA:118,3
DA:119,0
DA:120,0
DA:121,0
DA:123,0
DA:128,0
DA:133,3
DA:137,0
DA:138,0
DA:147,0
DA:152,3
LF:45
LH:28
BRDA:47,0,0,0
BRDA:47,0,1,1
BRDA:88,1,0,0
BRDA:88,1,1,1
BRF:4
BRH:2
end_of_record
TN:
SF:routes\user.js
FN:6,(anonymous_0)
FN:11,(anonymous_1)
FNF:2
FNH:0
FNDA:0,(anonymous_0)
FNDA:0,(anonymous_1)
DA:1,3
DA:2,3
DA:3,3
DA:6,3
DA:7,0
DA:8,0
DA:11,3
DA:12,0
DA:15,3
LF:9
LH:6
BRF:0
BRH:0
end_of_record
